-- Install configuration: ""
-- Up-to-date: /home/lacs0000/ros2_ws/src/project_1/install/p1_world/share/p1_world/launch
-- Installing: /home/lacs0000/ros2_ws/src/project_1/install/p1_world/share/p1_world/launch/sim.launch.py
-- Up-to-date: /home/lacs0000/ros2_ws/src/project_1/install/p1_world/share/p1_world/worlds
-- Up-to-date: /home/lacs0000/ros2_ws/src/project_1/install/p1_world/share/p1_world/worlds/world.sdf
-- Up-to-date: /home/lacs0000/ros2_ws/src/project_1/install/p1_world/share/p1_world/models
-- Up-to-date: /home/lacs0000/ros2_ws/src/project_1/install/p1_world/share/ament_index/resource_index/package_run_dependencies/p1_world
-- Up-to-date: /home/lacs0000/ros2_ws/src/project_1/install/p1_world/share/ament_index/resource_index/parent_prefix_path/p1_world
-- Up-to-date: /home/lacs0000/ros2_ws/src/project_1/install/p1_world/share/p1_world/environment/ament_prefix_path.sh
-- Up-to-date: /home/lacs0000/ros2_ws/src/project_1/install/p1_world/share/p1_world/environment/ament_prefix_path.dsv
-- Up-to-date: /home/lacs0000/ros2_ws/src/project_1/install/p1_world/share/p1_world/environment/path.sh
-- Up-to-date: /home/lacs0000/ros2_ws/src/project_1/install/p1_world/share/p1_world/environment/path.dsv
-- Up-to-date: /home/lacs0000/ros2_ws/src/project_1/install/p1_world/share/p1_world/local_setup.bash
-- Up-to-date: /home/lacs0000/ros2_ws/src/project_1/install/p1_world/share/p1_world/local_setup.sh
-- Up-to-date: /home/lacs0000/ros2_ws/src/project_1/install/p1_world/share/p1_world/local_setup.zsh
-- Up-to-date: /home/lacs0000/ros2_ws/src/project_1/install/p1_world/share/p1_world/local_setup.dsv
-- Up-to-date: /home/lacs0000/ros2_ws/src/project_1/install/p1_world/share/p1_world/package.dsv
-- Up-to-date: /home/lacs0000/ros2_ws/src/project_1/install/p1_world/share/ament_index/resource_index/packages/p1_world
-- Up-to-date: /home/lacs0000/ros2_ws/src/project_1/install/p1_world/share/p1_world/cmake/p1_worldConfig.cmake
-- Up-to-date: /home/lacs0000/ros2_ws/src/project_1/install/p1_world/share/p1_world/cmake/p1_worldConfig-version.cmake
-- Up-to-date: /home/lacs0000/ros2_ws/src/project_1/install/p1_world/share/p1_world/package.xml
