[0.009s] Invoking command in '/home/lacs0000/ros2_ws/src/project_1/build/p1_world': CMAKE_PREFIX_PATH=${CMAKE_PREFIX_PATH}:/opt/ros/jazzy DEBUGINFOD_URLS=https://debuginfod.ubuntu.com /usr/bin/cmake --build /home/lacs0000/ros2_ws/src/project_1/build/p1_world -- -j8 -l8
[0.035s] Invoked command in '/home/lacs0000/ros2_ws/src/project_1/build/p1_world' returned '0': CMAKE_PREFIX_PATH=${CMAKE_PREFIX_PATH}:/opt/ros/jazzy DEBUGINFOD_URLS=https://debuginfod.ubuntu.com /usr/bin/cmake --build /home/lacs0000/ros2_ws/src/project_1/build/p1_world -- -j8 -l8
[0.042s] Invoking command in '/home/lacs0000/ros2_ws/src/project_1/build/p1_world': CMAKE_PREFIX_PATH=${CMAKE_PREFIX_PATH}:/opt/ros/jazzy DEBUGINFOD_URLS=https://debuginfod.ubuntu.com /usr/bin/cmake --install /home/lacs0000/ros2_ws/src/project_1/build/p1_world
[0.048s] -- Install configuration: ""
[0.048s] -- Up-to-date: /home/lacs0000/ros2_ws/src/project_1/install/p1_world/share/p1_world/launch
[0.048s] -- Installing: /home/lacs0000/ros2_ws/src/project_1/install/p1_world/share/p1_world/launch/sim.launch.py
[0.048s] -- Up-to-date: /home/lacs0000/ros2_ws/src/project_1/install/p1_world/share/p1_world/worlds
[0.048s] -- Up-to-date: /home/lacs0000/ros2_ws/src/project_1/install/p1_world/share/p1_world/worlds/world.sdf
[0.048s] -- Up-to-date: /home/lacs0000/ros2_ws/src/project_1/install/p1_world/share/p1_world/models
[0.048s] -- Up-to-date: /home/lacs0000/ros2_ws/src/project_1/install/p1_world/share/ament_index/resource_index/package_run_dependencies/p1_world
[0.048s] -- Up-to-date: /home/lacs0000/ros2_ws/src/project_1/install/p1_world/share/ament_index/resource_index/parent_prefix_path/p1_world
[0.048s] -- Up-to-date: /home/lacs0000/ros2_ws/src/project_1/install/p1_world/share/p1_world/environment/ament_prefix_path.sh
[0.049s] -- Up-to-date: /home/lacs0000/ros2_ws/src/project_1/install/p1_world/share/p1_world/environment/ament_prefix_path.dsv
[0.049s] -- Up-to-date: /home/lacs0000/ros2_ws/src/project_1/install/p1_world/share/p1_world/environment/path.sh
[0.049s] -- Up-to-date: /home/lacs0000/ros2_ws/src/project_1/install/p1_world/share/p1_world/environment/path.dsv
[0.049s] -- Up-to-date: /home/lacs0000/ros2_ws/src/project_1/install/p1_world/share/p1_world/local_setup.bash
[0.049s] -- Up-to-date: /home/lacs0000/ros2_ws/src/project_1/install/p1_world/share/p1_world/local_setup.sh
[0.049s] -- Up-to-date: /home/lacs0000/ros2_ws/src/project_1/install/p1_world/share/p1_world/local_setup.zsh
[0.049s] -- Up-to-date: /home/lacs0000/ros2_ws/src/project_1/install/p1_world/share/p1_world/local_setup.dsv
[0.049s] -- Up-to-date: /home/lacs0000/ros2_ws/src/project_1/install/p1_world/share/p1_world/package.dsv
[0.049s] -- Up-to-date: /home/lacs0000/ros2_ws/src/project_1/install/p1_world/share/ament_index/resource_index/packages/p1_world
[0.049s] -- Up-to-date: /home/lacs0000/ros2_ws/src/project_1/install/p1_world/share/p1_world/cmake/p1_worldConfig.cmake
[0.049s] -- Up-to-date: /home/lacs0000/ros2_ws/src/project_1/install/p1_world/share/p1_world/cmake/p1_worldConfig-version.cmake
[0.049s] -- Up-to-date: /home/lacs0000/ros2_ws/src/project_1/install/p1_world/share/p1_world/package.xml
[0.050s] Invoked command in '/home/lacs0000/ros2_ws/src/project_1/build/p1_world' returned '0': CMAKE_PREFIX_PATH=${CMAKE_PREFIX_PATH}:/opt/ros/jazzy DEBUGINFOD_URLS=https://debuginfod.ubuntu.com /usr/bin/cmake --install /home/lacs0000/ros2_ws/src/project_1/build/p1_world
