[0.007s] Invoking command in '/home/lacs0000/ros2_ws/src/project_1/build/p1_world': CMAKE_PREFIX_PATH=${CMAKE_PREFIX_PATH}:/opt/ros/jazzy DEBUGINFOD_URLS=https://debuginfod.ubuntu.com /usr/bin/cmake /home/lacs0000/ros2_ws/src/project_1/src/p1_world -DCMAKE_INSTALL_PREFIX=/home/lacs0000/ros2_ws/src/project_1/install/p1_world
[0.100s] -- The C compiler identification is GNU 13.3.0
[0.162s] -- The CXX compiler identification is GNU 13.3.0
[0.172s] -- Detecting C compiler ABI info
[0.242s] -- Detecting C compiler ABI info - done
[0.254s] -- Check for working C compiler: /usr/bin/cc - skipped
[0.254s] -- Detecting C compile features
[0.255s] -- Detecting C compile features - done
[0.264s] -- Detecting CXX compiler ABI info
[0.350s] -- Detecting CXX compiler ABI info - done
[0.361s] -- Check for working CXX compiler: /usr/bin/c++ - skipped
[0.361s] -- Detecting CXX compile features
[0.362s] -- Detecting CXX compile features - done
[0.365s] -- Found ament_cmake: 2.5.4 (/opt/ros/jazzy/share/ament_cmake/cmake)
[0.479s] -- Found Python3: /usr/bin/python3 (found version "3.12.3") found components: Interpreter 
[0.572s] -- Found ament_lint_auto: 0.17.3 (/opt/ros/jazzy/share/ament_lint_auto/cmake)
[0.657s] -- Added test 'flake8' to check Python code syntax and style conventions
[0.657s] -- Configured 'flake8' exclude dirs and/or files: 
[0.658s] -- Added test 'lint_cmake' to check CMake code style
[0.658s] -- Added test 'pep257' to check Python code against some of the docstring style conventions in PEP 257
[0.659s] -- Added test 'xmllint' to check XML markup files
[0.661s] -- Configuring done (0.6s)
[0.663s] -- Generating done (0.0s)
[0.664s] -- Build files have been written to: /home/lacs0000/ros2_ws/src/project_1/build/p1_world
[0.667s] Invoked command in '/home/lacs0000/ros2_ws/src/project_1/build/p1_world' returned '0': CMAKE_PREFIX_PATH=${CMAKE_PREFIX_PATH}:/opt/ros/jazzy DEBUGINFOD_URLS=https://debuginfod.ubuntu.com /usr/bin/cmake /home/lacs0000/ros2_ws/src/project_1/src/p1_world -DCMAKE_INSTALL_PREFIX=/home/lacs0000/ros2_ws/src/project_1/install/p1_world
[0.668s] Invoking command in '/home/lacs0000/ros2_ws/src/project_1/build/p1_world': CMAKE_PREFIX_PATH=${CMAKE_PREFIX_PATH}:/opt/ros/jazzy DEBUGINFOD_URLS=https://debuginfod.ubuntu.com /usr/bin/cmake --build /home/lacs0000/ros2_ws/src/project_1/build/p1_world -- -j8 -l8
[0.695s] Invoked command in '/home/lacs0000/ros2_ws/src/project_1/build/p1_world' returned '0': CMAKE_PREFIX_PATH=${CMAKE_PREFIX_PATH}:/opt/ros/jazzy DEBUGINFOD_URLS=https://debuginfod.ubuntu.com /usr/bin/cmake --build /home/lacs0000/ros2_ws/src/project_1/build/p1_world -- -j8 -l8
[0.702s] Invoking command in '/home/lacs0000/ros2_ws/src/project_1/build/p1_world': CMAKE_PREFIX_PATH=${CMAKE_PREFIX_PATH}:/opt/ros/jazzy DEBUGINFOD_URLS=https://debuginfod.ubuntu.com /usr/bin/cmake --install /home/lacs0000/ros2_ws/src/project_1/build/p1_world
[0.708s] -- Install configuration: ""
[0.708s] -- Installing: /home/lacs0000/ros2_ws/src/project_1/install/p1_world/share/p1_world/launch
[0.708s] -- Installing: /home/lacs0000/ros2_ws/src/project_1/install/p1_world/share/p1_world/launch/sim.launch.py
[0.708s] -- Installing: /home/lacs0000/ros2_ws/src/project_1/install/p1_world/share/p1_world/worlds
[0.708s] -- Installing: /home/lacs0000/ros2_ws/src/project_1/install/p1_world/share/p1_world/worlds/world.sdf
[0.708s] -- Installing: /home/lacs0000/ros2_ws/src/project_1/install/p1_world/share/p1_world/models
[0.708s] -- Installing: /home/lacs0000/ros2_ws/src/project_1/install/p1_world/share/ament_index/resource_index/package_run_dependencies/p1_world
[0.708s] -- Installing: /home/lacs0000/ros2_ws/src/project_1/install/p1_world/share/ament_index/resource_index/parent_prefix_path/p1_world
[0.709s] -- Installing: /home/lacs0000/ros2_ws/src/project_1/install/p1_world/share/p1_world/environment/ament_prefix_path.sh
[0.709s] -- Installing: /home/lacs0000/ros2_ws/src/project_1/install/p1_world/share/p1_world/environment/ament_prefix_path.dsv
[0.709s] -- Installing: /home/lacs0000/ros2_ws/src/project_1/install/p1_world/share/p1_world/environment/path.sh
[0.709s] -- Installing: /home/lacs0000/ros2_ws/src/project_1/install/p1_world/share/p1_world/environment/path.dsv
[0.709s] -- Installing: /home/lacs0000/ros2_ws/src/project_1/install/p1_world/share/p1_world/local_setup.bash
[0.709s] -- Installing: /home/lacs0000/ros2_ws/src/project_1/install/p1_world/share/p1_world/local_setup.sh
[0.709s] -- Installing: /home/lacs0000/ros2_ws/src/project_1/install/p1_world/share/p1_world/local_setup.zsh
[0.709s] -- Installing: /home/lacs0000/ros2_ws/src/project_1/install/p1_world/share/p1_world/local_setup.dsv
[0.709s] -- Installing: /home/lacs0000/ros2_ws/src/project_1/install/p1_world/share/p1_world/package.dsv
[0.709s] -- Installing: /home/lacs0000/ros2_ws/src/project_1/install/p1_world/share/ament_index/resource_index/packages/p1_world
[0.709s] -- Installing: /home/lacs0000/ros2_ws/src/project_1/install/p1_world/share/p1_world/cmake/p1_worldConfig.cmake
[0.709s] -- Installing: /home/lacs0000/ros2_ws/src/project_1/install/p1_world/share/p1_world/cmake/p1_worldConfig-version.cmake
[0.709s] -- Installing: /home/lacs0000/ros2_ws/src/project_1/install/p1_world/share/p1_world/package.xml
[0.710s] Invoked command in '/home/lacs0000/ros2_ws/src/project_1/build/p1_world' returned '0': CMAKE_PREFIX_PATH=${CMAKE_PREFIX_PATH}:/opt/ros/jazzy DEBUGINFOD_URLS=https://debuginfod.ubuntu.com /usr/bin/cmake --install /home/lacs0000/ros2_ws/src/project_1/build/p1_world
